10-29 10:54:27 replicate_layout.action_replicate_layout 305:Plugin executed on: 'win32'
10-29 10:54:27 replicate_layout.action_replicate_layout 306:Plugin executed with python version: '2.7.16 (default, Aug 15 2019, 17:51:40)  [GCC 9.2.0 64 bit (AMD64)]'
10-29 10:54:27 replicate_layout.action_replicate_layout 307:KiCad build version: (5.1.6)-1
10-29 10:54:27 replicate_layout.action_replicate_layout 308:Replicate layout plugin version: 68 started
10-29 10:54:27 replicate_layout.action_replicate_layout 319:wx top level windows: wxWindowList: [<wx._windows.Frame; proxy of <Swig Object of type 'wxFrame *' at 0x31cebb0> >, <wx._windows.Frame; proxy of <Swig Object of type 'wxFrame *' at 0x30e14a0> >, <wx._windows.Frame; proxy of <Swig Object of type 'wxFrame *' at 0x9726590> >, <wx._windows.Frame; proxy of <Swig Object of type 'wxFrame *' at 0x9b9e630> >, <wx._windows.Frame; proxy of <Swig Object of type 'wxFrame *' at 0x2b02b050> >, <wx._windows.Frame; proxy of <Swig Object of type 'wxFrame *' at 0x29c40d30> >, <wx._windows.Frame; proxy of <Swig Object of type 'wxFrame *' at 0x29c3e760> >]
10-29 10:54:27 replicate_layout.action_replicate_layout 343:Preparing replicator with R1 as a reference
10-29 10:54:27 replicate_layout.replicatelayout 215:getting project hierarchy from schematics
10-29 10:54:27 replicate_layout.replicatelayout 217:Project hierarchy looks like:
{u'5F9DC7CA': [u'heater2', u'C:\\Users\\reps\\Documents\\LTZ10V\\ltz10v\\heater.sch'], u'5FB0E68B': [u'heater1', u'C:\\Users\\reps\\Documents\\LTZ10V\\ltz10v\\heater.sch'], u'5F9DC817': [u'heater3', u'C:\\Users\\reps\\Documents\\LTZ10V\\ltz10v\\heater.sch']}
10-29 10:54:27 replicate_layout.replicatelayout 225:getting a list of all footprints on board
10-29 10:54:27 replicate_layout.action_replicate_layout 370:source anchor footprint is u'R1'
Located on:[u'heater1']
With filenames:[u'heater.sch']
With sheet_id:[u'heater1']
10-29 10:54:27 replicate_layout.action_replicate_layout 374:Corresponding footprints are 
[(u'R1', [u'heater1']), (u'R601', [u'heater3']), (u'R301', [u'heater2'])]
10-29 10:54:27 replicate_layout.action_replicate_layout 387:Showing dialog
10-29 10:54:27 replicate_layout.action_replicate_layout 391:Pcbnew position: wx.Point(-11, -11)
10-29 10:54:27 replicate_layout.action_replicate_layout 397:Display 0: wx.Rect(5760, 0, 2880, 1620)
10-29 10:54:27 replicate_layout.action_replicate_layout 397:Display 1: wx.Rect(0, 0, 3840, 2160)
10-29 10:54:27 replicate_layout.action_replicate_layout 401:Toolbar position: wx.Point(3556, 171)
10-29 10:54:27 replicate_layout.action_replicate_layout 408:Dialog position: wx.Point(3243, 171)
10-29 10:54:31 replicate_layout.replicatelayout 249:construcing a list of sheets suitable for replication on level:u'heater1', file:u'heater.sch'
10-29 10:54:31 replicate_layout.replicatelayout 256:Source sheet path up to the level:[u'heater1']
10-29 10:54:31 replicate_layout.replicatelayout 260:Footprints on the sheets:
[u'R1', u'R601', u'R301']
10-29 10:54:31 replicate_layout.replicatelayout 263:Footprints raw sheet ids:
[u'/5FB0E68B/5FA295D6', u'/5F9DC817/5FA295D6', u'/5F9DC7CA/5FA295D6']
10-29 10:54:31 replicate_layout.replicatelayout 279:All sheets to replicate:
[[u'heater1'], [u'heater3'], [u'heater2']]
10-29 10:54:31 replicate_layout.replicatelayout 284:All sheets to replicate sorted:
[[u'heater1'], [u'heater2'], [u'heater3']]
10-29 10:54:31 replicate_layout.replicatelayout 290:All sheets to replicate sorted and without source sheet:
[[u'heater2'], [u'heater3']]
10-29 10:54:41 replicate_layout.replicatelayout 249:construcing a list of sheets suitable for replication on level:u'heater1', file:u'heater.sch'
10-29 10:54:41 replicate_layout.replicatelayout 256:Source sheet path up to the level:[u'heater1']
10-29 10:54:41 replicate_layout.replicatelayout 260:Footprints on the sheets:
[u'R1', u'R601', u'R301']
10-29 10:54:41 replicate_layout.replicatelayout 263:Footprints raw sheet ids:
[u'/5FB0E68B/5FA295D6', u'/5F9DC817/5FA295D6', u'/5F9DC7CA/5FA295D6']
10-29 10:54:41 replicate_layout.replicatelayout 279:All sheets to replicate:
[[u'heater1'], [u'heater3'], [u'heater2']]
10-29 10:54:41 replicate_layout.replicatelayout 284:All sheets to replicate sorted:
[[u'heater1'], [u'heater2'], [u'heater3']]
10-29 10:54:41 replicate_layout.replicatelayout 290:All sheets to replicate sorted and without source sheet:
[[u'heater2'], [u'heater3']]
10-29 10:54:41 replicate_layout.action_replicate_layout 179:Replicating layout
10-29 10:54:41 replicate_layout.replicatelayout 990:Starting replication of sheets: [[u'heater3']]
on level: [u'heater1']
with tracks=True, zone=True, text=True, containing=True, remove=False, locked=False
10-29 10:54:41 root 261:updating GUI message: 'Preparing for replication'
10-29 10:54:41 replicate_layout.replicatelayout 556:Getting the list of source footprints
10-29 10:54:41 replicate_layout.replicatelayout 560:Getting the list of all the remaining footprints
10-29 10:54:41 replicate_layout.replicatelayout 564:Getting nets local to source footprints
10-29 10:54:41 replicate_layout.replicatelayout 568:Getting source bounding box
10-29 10:54:41 root 266:updating GUI with: 37
10-29 10:54:41 replicate_layout.replicatelayout 572:Getting source tracks
10-29 10:54:41 replicate_layout.replicatelayout 576:Getting source zones
10-29 10:54:41 root 266:updating GUI with: 62
10-29 10:54:41 replicate_layout.replicatelayout 580:Getting source text items
10-29 10:54:41 replicate_layout.replicatelayout 584:Getting source text items
10-29 10:54:41 root 261:updating GUI message: 'Replicating footprints'
10-29 10:54:41 replicate_layout.replicatelayout 590:Replicating footprints
10-29 10:54:41 replicate_layout.replicatelayout 596:Replicating footprints on sheet [u'heater3']
10-29 10:54:41 root 266:updating GUI with: 6
10-29 10:54:41 root 266:updating GUI with: 14
10-29 10:54:41 root 266:updating GUI with: 22
10-29 10:54:41 root 266:updating GUI with: 28
10-29 10:54:41 root 266:updating GUI with: 36
10-29 10:54:41 root 266:updating GUI with: 40
10-29 10:54:41 root 266:updating GUI with: 48
10-29 10:54:41 root 266:updating GUI with: 57
10-29 10:54:41 root 266:updating GUI with: 65
10-29 10:54:41 root 266:updating GUI with: 73
10-29 10:54:41 root 266:updating GUI with: 81
10-29 10:54:41 root 266:updating GUI with: 88
10-29 10:54:41 root 266:updating GUI with: 96
10-29 10:54:41 root 261:updating GUI message: 'Replicating tracks'
10-29 10:54:41 replicate_layout.replicatelayout 716:Replicating tracks
10-29 10:54:41 replicate_layout.replicatelayout 722:Replicating tracks on sheet [u'heater3']
10-29 10:54:41 root 266:updating GUI with: 0
10-29 10:54:41 root 261:updating GUI message: 'Replicating zones'
10-29 10:54:41 replicate_layout.replicatelayout 767:Replicating zones
10-29 10:54:41 replicate_layout.replicatelayout 774:Replicating zones on sheet [u'heater3']
10-29 10:54:41 root 261:updating GUI message: 'Replicating text'
10-29 10:54:41 root 266:updating GUI with: 0
10-29 10:54:41 replicate_layout.replicatelayout 833:Replicating text
10-29 10:54:41 replicate_layout.replicatelayout 840:Replicating text on sheet [u'heater3']
10-29 10:54:41 root 261:updating GUI message: 'Replicating drawings'
10-29 10:54:41 replicate_layout.replicatelayout 864:Replicating drawings
10-29 10:54:41 replicate_layout.replicatelayout 870:Replicating drawings on sheet [u'heater3']
10-29 10:54:41 replicate_layout.action_replicate_layout 201:Replication complete
